This is METAFONT, Version 2.7182818 (TeX Live 2015/Debian) (preloaded base=mf 2017.5.20)  20 MAY 2017 14:23
**\mode:=ljfour; mag:=1; nonstopmode; input labx1440
(/home/malyugina/.texmf-var/fonts/source/lh/lh-t2a/labx1440.mf
(/usr/share/texlive/texmf-dist/fonts/source/lh/base/fikparm.mf
(/usr/share/texlive/texmf-dist/fonts/source/public/cm/cmbase.mf)
(/usr/share/texlive/texmf-dist/fonts/source/lh/base/lcyrbeg.mf)
(/usr/share/texlive/texmf-dist/fonts/source/lh/base/lkligtbl.mf)
>> 14.4
>> "input ecbx"
! I can't find file `ecbx'.
<scantokens> input ecbx
                       
<to be read again> 
                   ;
use_driver->...#=pt#;pt#:=true_pt#;scantokens(ss);
                                                  pt#:=true_pt#;font_identif...
l.304 use_driver(fonteq)
                        ;
Please type another input file name
! Emergency stop.
<scantokens> input ecbx
                       
<to be read again> 
                   ;
use_driver->...#=pt#;pt#:=true_pt#;scantokens(ss);
                                                  pt#:=true_pt#;font_identif...
l.304 use_driver(fonteq)
                        ;
*** (job aborted, file error in nonstop mode)

 
Here is how much of METAFONT's memory you used:
 437 strings out of 5274
 4224 string characters out of 69975
 25403 words of memory out of 5000000
 1335 symbolic tokens out of 9500
 5i,80n,0r,4p,185b stack positions out of 300i,300n,1000r,150p,200000b

